<?xml version="1.0" encoding="UTF-8"?>
<testng-results ignored="0" total="17" passed="13" failed="1" skipped="3">
  <reporter-output>
  </reporter-output>
  <suite started-at="2025-10-02T07:49:18Z" name="Suite" finished-at="2025-10-02T07:51:56Z" duration-ms="158663">
    <groups>
    </groups>
    <test started-at="2025-10-02T07:49:18Z" name="Test" finished-at="2025-10-02T07:51:56Z" duration-ms="158663">
      <class name="tests.LoginTest">
        <test-method is-config="true" signature="beforeClass(org.testng.ITestContext)[pri:0, instance:tests.LoginTest@25bcd0c7]" started-at="2025-10-02T07:49:18Z" name="beforeClass" finished-at="2025-10-02T07:49:23Z" duration-ms="4811" status="PASS">
          <params>
            <param index="0">
              <value>
                <![CDATA[org.testng.TestRunner@4c1b4e07]]>
              </value>
            </param>
          </params>
          <reporter-output>
          </reporter-output>
        </test-method> <!-- beforeClass -->
        <test-method signature="LoginPageTest1()[pri:0, instance:tests.LoginTest@25bcd0c7]" started-at="2025-10-02T07:49:23Z" name="LoginPageTest1" finished-at="2025-10-02T07:49:27Z" duration-ms="4273" status="PASS">
          <reporter-output>
          </reporter-output>
        </test-method> <!-- LoginPageTest1 -->
        <test-method is-config="true" signature="afterClass()[pri:0, instance:tests.LoginTest@25bcd0c7]" started-at="2025-10-02T07:49:27Z" name="afterClass" finished-at="2025-10-02T07:49:27Z" duration-ms="237" status="PASS">
          <reporter-output>
          </reporter-output>
        </test-method> <!-- afterClass -->
        <test-method is-config="true" signature="beforeClass(org.testng.ITestContext)[pri:0, instance:tests.LoginTest@25bcd0c7]" started-at="2025-10-02T07:49:27Z" name="beforeClass" finished-at="2025-10-02T07:49:28Z" duration-ms="1045" status="PASS">
          <params>
            <param index="0">
              <value>
                <![CDATA[org.testng.TestRunner@4c1b4e07]]>
              </value>
            </param>
          </params>
          <reporter-output>
          </reporter-output>
        </test-method> <!-- beforeClass -->
        <test-method signature="LoginPageTest2()[pri:0, instance:tests.LoginTest@25bcd0c7]" started-at="2025-10-02T07:49:28Z" name="LoginPageTest2" finished-at="2025-10-02T07:49:32Z" duration-ms="4212" status="PASS">
          <reporter-output>
          </reporter-output>
        </test-method> <!-- LoginPageTest2 -->
        <test-method is-config="true" signature="afterClass()[pri:0, instance:tests.LoginTest@25bcd0c7]" started-at="2025-10-02T07:49:32Z" name="afterClass" finished-at="2025-10-02T07:49:33Z" duration-ms="222" status="PASS">
          <reporter-output>
          </reporter-output>
        </test-method> <!-- afterClass -->
        <test-method is-config="true" signature="beforeClass(org.testng.ITestContext)[pri:0, instance:tests.LoginTest@25bcd0c7]" started-at="2025-10-02T07:49:33Z" name="beforeClass" finished-at="2025-10-02T07:49:34Z" duration-ms="1034" status="PASS">
          <params>
            <param index="0">
              <value>
                <![CDATA[org.testng.TestRunner@4c1b4e07]]>
              </value>
            </param>
          </params>
          <reporter-output>
          </reporter-output>
        </test-method> <!-- beforeClass -->
        <test-method signature="LoginPageTest3()[pri:0, instance:tests.LoginTest@25bcd0c7]" started-at="2025-10-02T07:49:34Z" name="LoginPageTest3" finished-at="2025-10-02T07:49:38Z" duration-ms="4209" status="PASS">
          <reporter-output>
          </reporter-output>
        </test-method> <!-- LoginPageTest3 -->
        <test-method is-config="true" signature="afterClass()[pri:0, instance:tests.LoginTest@25bcd0c7]" started-at="2025-10-02T07:49:38Z" name="afterClass" finished-at="2025-10-02T07:49:38Z" duration-ms="206" status="PASS">
          <reporter-output>
          </reporter-output>
        </test-method> <!-- afterClass -->
        <test-method is-config="true" signature="beforeClass(org.testng.ITestContext)[pri:0, instance:tests.LoginTest@25bcd0c7]" started-at="2025-10-02T07:49:38Z" name="beforeClass" finished-at="2025-10-02T07:49:39Z" duration-ms="1038" status="PASS">
          <params>
            <param index="0">
              <value>
                <![CDATA[org.testng.TestRunner@4c1b4e07]]>
              </value>
            </param>
          </params>
          <reporter-output>
          </reporter-output>
        </test-method> <!-- beforeClass -->
        <test-method signature="LoginPageTest4()[pri:0, instance:tests.LoginTest@25bcd0c7]" started-at="2025-10-02T07:49:39Z" name="LoginPageTest4" finished-at="2025-10-02T07:49:43Z" duration-ms="4198" status="PASS">
          <reporter-output>
          </reporter-output>
        </test-method> <!-- LoginPageTest4 -->
        <test-method is-config="true" signature="afterClass()[pri:0, instance:tests.LoginTest@25bcd0c7]" started-at="2025-10-02T07:49:43Z" name="afterClass" finished-at="2025-10-02T07:49:43Z" duration-ms="233" status="PASS">
          <reporter-output>
          </reporter-output>
        </test-method> <!-- afterClass -->
        <test-method is-config="true" signature="beforeClass(org.testng.ITestContext)[pri:0, instance:tests.LoginTest@25bcd0c7]" started-at="2025-10-02T07:49:43Z" name="beforeClass" finished-at="2025-10-02T07:49:44Z" duration-ms="1006" status="PASS">
          <params>
            <param index="0">
              <value>
                <![CDATA[org.testng.TestRunner@4c1b4e07]]>
              </value>
            </param>
          </params>
          <reporter-output>
          </reporter-output>
        </test-method> <!-- beforeClass -->
        <test-method signature="LoginPageTest5()[pri:0, instance:tests.LoginTest@25bcd0c7]" started-at="2025-10-02T07:49:44Z" name="LoginPageTest5" finished-at="2025-10-02T07:49:49Z" duration-ms="4368" status="PASS">
          <reporter-output>
          </reporter-output>
        </test-method> <!-- LoginPageTest5 -->
        <test-method is-config="true" signature="afterClass()[pri:0, instance:tests.LoginTest@25bcd0c7]" started-at="2025-10-02T07:49:49Z" name="afterClass" finished-at="2025-10-02T07:49:49Z" duration-ms="196" status="PASS">
          <reporter-output>
          </reporter-output>
        </test-method> <!-- afterClass -->
      </class> <!-- tests.LoginTest -->
      <class name="tests.CartTest">
        <test-method is-config="true" signature="beforeClass(org.testng.ITestContext)[pri:0, instance:tests.CartTest@32cb636e]" started-at="2025-10-02T07:49:49Z" name="beforeClass" finished-at="2025-10-02T07:49:50Z" duration-ms="1021" status="PASS">
          <params>
            <param index="0">
              <value>
                <![CDATA[org.testng.TestRunner@4c1b4e07]]>
              </value>
            </param>
          </params>
          <reporter-output>
          </reporter-output>
        </test-method> <!-- beforeClass -->
        <test-method signature="addItemToCartTest()[pri:0, instance:tests.CartTest@32cb636e]" started-at="2025-10-02T07:49:50Z" name="addItemToCartTest" finished-at="2025-10-02T07:49:55Z" duration-ms="4455" status="PASS">
          <reporter-output>
          </reporter-output>
        </test-method> <!-- addItemToCartTest -->
        <test-method is-config="true" signature="afterClass()[pri:0, instance:tests.CartTest@32cb636e]" started-at="2025-10-02T07:49:55Z" name="afterClass" finished-at="2025-10-02T07:49:55Z" duration-ms="189" status="PASS">
          <reporter-output>
          </reporter-output>
        </test-method> <!-- afterClass -->
        <test-method is-config="true" signature="beforeClass(org.testng.ITestContext)[pri:0, instance:tests.CartTest@32cb636e]" started-at="2025-10-02T07:49:55Z" name="beforeClass" finished-at="2025-10-02T07:49:56Z" duration-ms="1155" status="PASS">
          <params>
            <param index="0">
              <value>
                <![CDATA[org.testng.TestRunner@4c1b4e07]]>
              </value>
            </param>
          </params>
          <reporter-output>
          </reporter-output>
        </test-method> <!-- beforeClass -->
        <test-method signature="addMultipleItemsToCart()[pri:0, instance:tests.CartTest@32cb636e]" started-at="2025-10-02T07:49:56Z" name="addMultipleItemsToCart" finished-at="2025-10-02T07:50:06Z" duration-ms="10292" status="PASS">
          <reporter-output>
          </reporter-output>
        </test-method> <!-- addMultipleItemsToCart -->
        <test-method is-config="true" signature="afterClass()[pri:0, instance:tests.CartTest@32cb636e]" started-at="2025-10-02T07:50:06Z" name="afterClass" finished-at="2025-10-02T07:50:07Z" duration-ms="352" status="PASS">
          <reporter-output>
          </reporter-output>
        </test-method> <!-- afterClass -->
        <test-method is-config="true" signature="beforeClass(org.testng.ITestContext)[pri:0, instance:tests.CartTest@32cb636e]" started-at="2025-10-02T07:50:07Z" name="beforeClass" finished-at="2025-10-02T07:50:08Z" duration-ms="1160" status="PASS">
          <params>
            <param index="0">
              <value>
                <![CDATA[org.testng.TestRunner@4c1b4e07]]>
              </value>
            </param>
          </params>
          <reporter-output>
          </reporter-output>
        </test-method> <!-- beforeClass -->
        <test-method signature="addMultipleItemsToCartAndRemove()[pri:0, instance:tests.CartTest@32cb636e]" started-at="2025-10-02T07:50:08Z" name="addMultipleItemsToCartAndRemove" finished-at="2025-10-02T07:50:12Z" duration-ms="4608" status="PASS">
          <reporter-output>
          </reporter-output>
        </test-method> <!-- addMultipleItemsToCartAndRemove -->
        <test-method is-config="true" signature="afterClass()[pri:0, instance:tests.CartTest@32cb636e]" started-at="2025-10-02T07:50:12Z" name="afterClass" finished-at="2025-10-02T07:50:13Z" duration-ms="232" status="PASS">
          <reporter-output>
          </reporter-output>
        </test-method> <!-- afterClass -->
        <test-method is-config="true" signature="beforeClass(org.testng.ITestContext)[pri:0, instance:tests.CartTest@32cb636e]" started-at="2025-10-02T07:50:13Z" name="beforeClass" finished-at="2025-10-02T07:50:14Z" duration-ms="1021" status="PASS">
          <params>
            <param index="0">
              <value>
                <![CDATA[org.testng.TestRunner@4c1b4e07]]>
              </value>
            </param>
          </params>
          <reporter-output>
          </reporter-output>
        </test-method> <!-- beforeClass -->
        <test-method signature="verifyContentsOnCartandInventory()[pri:0, instance:tests.CartTest@32cb636e]" started-at="2025-10-02T07:50:14Z" name="verifyContentsOnCartandInventory" finished-at="2025-10-02T07:50:21Z" duration-ms="7505" status="PASS">
          <reporter-output>
          </reporter-output>
        </test-method> <!-- verifyContentsOnCartandInventory -->
        <test-method is-config="true" signature="afterClass()[pri:0, instance:tests.CartTest@32cb636e]" started-at="2025-10-02T07:50:21Z" name="afterClass" finished-at="2025-10-02T07:50:21Z" duration-ms="215" status="PASS">
          <reporter-output>
          </reporter-output>
        </test-method> <!-- afterClass -->
      </class> <!-- tests.CartTest -->
      <class name="tests.CheckoutTest">
        <test-method is-config="true" signature="beforeClass(org.testng.ITestContext)[pri:0, instance:tests.CheckoutTest@63cd604c]" started-at="2025-10-02T07:50:21Z" name="beforeClass" finished-at="2025-10-02T07:50:22Z" duration-ms="1037" status="PASS">
          <params>
            <param index="0">
              <value>
                <![CDATA[org.testng.TestRunner@4c1b4e07]]>
              </value>
            </param>
          </params>
          <reporter-output>
          </reporter-output>
        </test-method> <!-- beforeClass -->
        <test-method signature="testcase1()[pri:0, instance:tests.CheckoutTest@63cd604c]" started-at="2025-10-02T07:50:22Z" name="testcase1" finished-at="2025-10-02T07:50:32Z" duration-ms="9370" status="PASS">
          <reporter-output>
          </reporter-output>
        </test-method> <!-- testcase1 -->
        <test-method is-config="true" signature="afterClass()[pri:0, instance:tests.CheckoutTest@63cd604c]" started-at="2025-10-02T07:50:32Z" name="afterClass" finished-at="2025-10-02T07:50:32Z" duration-ms="163" status="PASS">
          <reporter-output>
          </reporter-output>
        </test-method> <!-- afterClass -->
        <test-method is-config="true" signature="beforeClass(org.testng.ITestContext)[pri:0, instance:tests.CheckoutTest@63cd604c]" started-at="2025-10-02T07:50:32Z" name="beforeClass" finished-at="2025-10-02T07:50:33Z" duration-ms="963" status="PASS">
          <params>
            <param index="0">
              <value>
                <![CDATA[org.testng.TestRunner@4c1b4e07]]>
              </value>
            </param>
          </params>
          <reporter-output>
          </reporter-output>
        </test-method> <!-- beforeClass -->
        <test-method signature="testcase2()[pri:0, instance:tests.CheckoutTest@63cd604c]" started-at="2025-10-02T07:50:33Z" name="testcase2" finished-at="2025-10-02T07:51:17Z" duration-ms="44256" status="SKIP">
          <exception class="org.openqa.selenium.remote.UnreachableBrowserException">
            <message>
              <![CDATA[Error communicating with the remote browser. It may have died.
Build info: version: '4.33.0', revision: '2c6aaad03a'
System info: os.name: 'Windows 11', os.arch: 'amd64', os.version: '10.0', java.version: '21.0.8'
Driver info: org.openqa.selenium.chrome.ChromeDriver
Command: [9633a415624ad2d57add455d983e2cfd, findElement [value, using]]
Capabilities {acceptInsecureCerts: false, browserName: chrome, browserVersion: 141.0.7390.54, chrome: {chromedriverVersion: 141.0.7390.54 (b95610d5c4a5..., userDataDir: C:\Users\susee\AppData\Loca...}, fedcm:accounts: true, goog:chromeOptions: {debuggerAddress: localhost:57465}, networkConnectionEnabled: false, pageLoadStrategy: normal, platformName: windows, proxy: Proxy(), se:cdp: ws://localhost:57465/devtoo..., se:cdpVersion: 141.0.7390.54, setWindowRect: true, strictFileInteractability: false, timeouts: {implicit: 0, pageLoad: 300000, script: 30000}, unhandledPromptBehavior: dismiss and notify, webauthn:extension:credBlob: true, webauthn:extension:largeBlob: true, webauthn:extension:minPinLength: true, webauthn:extension:prf: true, webauthn:virtualAuthenticators: true}
Session ID: 9633a415624ad2d57add455d983e2cfd]]>
            </message>
            <full-stacktrace>
              <![CDATA[org.openqa.selenium.remote.UnreachableBrowserException: Error communicating with the remote browser. It may have died.
Build info: version: '4.33.0', revision: '2c6aaad03a'
System info: os.name: 'Windows 11', os.arch: 'amd64', os.version: '10.0', java.version: '21.0.8'
Driver info: org.openqa.selenium.chrome.ChromeDriver
Command: [9633a415624ad2d57add455d983e2cfd, findElement [value, using]]
Capabilities {acceptInsecureCerts: false, browserName: chrome, browserVersion: 141.0.7390.54, chrome: {chromedriverVersion: 141.0.7390.54 (b95610d5c4a5..., userDataDir: C:\Users\susee\AppData\Loca...}, fedcm:accounts: true, goog:chromeOptions: {debuggerAddress: localhost:57465}, networkConnectionEnabled: false, pageLoadStrategy: normal, platformName: windows, proxy: Proxy(), se:cdp: ws://localhost:57465/devtoo..., se:cdpVersion: 141.0.7390.54, setWindowRect: true, strictFileInteractability: false, timeouts: {implicit: 0, pageLoad: 300000, script: 30000}, unhandledPromptBehavior: dismiss and notify, webauthn:extension:credBlob: true, webauthn:extension:largeBlob: true, webauthn:extension:minPinLength: true, webauthn:extension:prf: true, webauthn:virtualAuthenticators: true}
Session ID: 9633a415624ad2d57add455d983e2cfd
at org.openqa.selenium.remote.RemoteWebDriver.execute(RemoteWebDriver.java:571)
at org.openqa.selenium.remote.ElementLocation$ElementFinder$2.findElement(ElementLocation.java:165)
at org.openqa.selenium.remote.ElementLocation.findElement(ElementLocation.java:59)
at org.openqa.selenium.remote.RemoteWebDriver.findElement(RemoteWebDriver.java:367)
at org.openqa.selenium.remote.RemoteWebDriver.findElement(RemoteWebDriver.java:361)
at org.openqa.selenium.support.pagefactory.DefaultElementLocator.findElement(DefaultElementLocator.java:68)
at org.openqa.selenium.support.pagefactory.internal.LocatingElementHandler.invoke(LocatingElementHandler.java:38)
at jdk.proxy2/jdk.proxy2.$Proxy30.click(Unknown Source)
at pageObjects.CartPageObjects.clickcheckout(CartPageObjects.java:41)
at tests.CheckoutTest.testcase2(CheckoutTest.java:53)
at java.base/jdk.internal.reflect.DirectMethodHandleAccessor.invoke(DirectMethodHandleAccessor.java:103)
at java.base/java.lang.reflect.Method.invoke(Method.java:580)
at org.testng.internal.MethodInvocationHelper.invokeMethod(MethodInvocationHelper.java:124)
at org.testng.internal.Invoker.invokeMethod(Invoker.java:583)
at org.testng.internal.Invoker.invokeTestMethod(Invoker.java:719)
at org.testng.internal.Invoker.invokeTestMethods(Invoker.java:989)
at org.testng.internal.TestMethodWorker.invokeTestMethods(TestMethodWorker.java:125)
at org.testng.internal.TestMethodWorker.run(TestMethodWorker.java:109)
at org.testng.TestRunner.privateRun(TestRunner.java:648)
at org.testng.TestRunner.run(TestRunner.java:505)
at org.testng.SuiteRunner.runTest(SuiteRunner.java:455)
at org.testng.SuiteRunner.runSequentially(SuiteRunner.java:450)
at org.testng.SuiteRunner.privateRun(SuiteRunner.java:415)
at org.testng.SuiteRunner.run(SuiteRunner.java:364)
at org.testng.SuiteRunnerWorker.runSuite(SuiteRunnerWorker.java:52)
at org.testng.SuiteRunnerWorker.run(SuiteRunnerWorker.java:84)
at org.testng.TestNG.runSuitesSequentially(TestNG.java:1208)
at org.testng.TestNG.runSuitesLocally(TestNG.java:1137)
at org.testng.TestNG.runSuites(TestNG.java:1049)
at org.testng.TestNG.run(TestNG.java:1017)
at org.testng.remote.AbstractRemoteTestNG.run(AbstractRemoteTestNG.java:115)
at org.testng.remote.RemoteTestNG.initAndRun(RemoteTestNG.java:293)
at org.testng.remote.RemoteTestNG.main(RemoteTestNG.java:91)
Caused by: java.io.UncheckedIOException: java.io.IOException: HTTP/1.1 header parser received no bytes
at org.openqa.selenium.remote.http.jdk.JdkHttpClient.execute0(JdkHttpClient.java:500)
at org.openqa.selenium.remote.http.AddSeleniumUserAgent.lambda$apply$0(AddSeleniumUserAgent.java:42)
at org.openqa.selenium.remote.http.Filter.lambda$andFinally$1(Filter.java:55)
at org.openqa.selenium.remote.http.jdk.JdkHttpClient.lambda$executeAsync$2(JdkHttpClient.java:387)
at java.base/java.util.concurrent.Executors$RunnableAdapter.call(Executors.java:572)
at java.base/java.util.concurrent.FutureTask.run(FutureTask.java:317)
at java.base/java.util.concurrent.ThreadPoolExecutor.runWorker(ThreadPoolExecutor.java:1144)
at java.base/java.util.concurrent.ThreadPoolExecutor$Worker.run(ThreadPoolExecutor.java:642)
at java.base/java.lang.Thread.run(Thread.java:1583)
Caused by: java.io.IOException: HTTP/1.1 header parser received no bytes
at java.net.http/jdk.internal.net.http.HttpClientImpl.send(HttpClientImpl.java:970)
at java.net.http/jdk.internal.net.http.HttpClientFacade.send(HttpClientFacade.java:133)
at org.openqa.selenium.remote.http.jdk.JdkHttpClient.execute0(JdkHttpClient.java:459)
... 8 more
Caused by: java.io.IOException: HTTP/1.1 header parser received no bytes
at java.net.http/jdk.internal.net.http.common.Utils.wrapWithExtraDetail(Utils.java:412)
at java.net.http/jdk.internal.net.http.Http1Response$HeadersReader.onReadError(Http1Response.java:590)
at java.net.http/jdk.internal.net.http.Http1AsyncReceiver.checkForErrors(Http1AsyncReceiver.java:302)
at java.net.http/jdk.internal.net.http.Http1AsyncReceiver.flush(Http1AsyncReceiver.java:268)
at java.net.http/jdk.internal.net.http.common.SequentialScheduler$LockingRestartableTask.run(SequentialScheduler.java:182)
at java.net.http/jdk.internal.net.http.common.SequentialScheduler$CompleteRestartableTask.run(SequentialScheduler.java:149)
at java.net.http/jdk.internal.net.http.common.SequentialScheduler$SchedulableTask.run(SequentialScheduler.java:207)
... 3 more
Caused by: java.net.SocketException: Connection reset
at java.base/sun.nio.ch.SocketChannelImpl.throwConnectionReset(SocketChannelImpl.java:401)
at java.base/sun.nio.ch.SocketChannelImpl.read(SocketChannelImpl.java:434)
at java.net.http/jdk.internal.net.http.SocketTube.readAvailable(SocketTube.java:1178)
at java.net.http/jdk.internal.net.http.SocketTube$InternalReadPublisher$InternalReadSubscription.read(SocketTube.java:841)
at java.net.http/jdk.internal.net.http.SocketTube$SocketFlowTask.run(SocketTube.java:181)
at java.net.http/jdk.internal.net.http.common.SequentialScheduler$SchedulableTask.run(SequentialScheduler.java:207)
at java.net.http/jdk.internal.net.http.common.SequentialScheduler.runOrSchedule(SequentialScheduler.java:280)
at java.net.http/jdk.internal.net.http.common.SequentialScheduler.runOrSchedule(SequentialScheduler.java:233)
at java.net.http/jdk.internal.net.http.SocketTube$InternalReadPublisher$InternalReadSubscription.signalReadable(SocketTube.java:782)
at java.net.http/jdk.internal.net.http.SocketTube$InternalReadPublisher$ReadEvent.signalEvent(SocketTube.java:965)
at java.net.http/jdk.internal.net.http.SocketTube$SocketFlowEvent.handle(SocketTube.java:253)
at java.net.http/jdk.internal.net.http.HttpClientImpl$SelectorManager.handleEvent(HttpClientImpl.java:1477)
at java.net.http/jdk.internal.net.http.HttpClientImpl$SelectorManager.lambda$run$3(HttpClientImpl.java:1422)
at java.base/java.util.ArrayList.forEach(ArrayList.java:1596)
at java.net.http/jdk.internal.net.http.HttpClientImpl$SelectorManager.run(HttpClientImpl.java:1422)
]]>
            </full-stacktrace>
          </exception> <!-- org.openqa.selenium.remote.UnreachableBrowserException -->
          <reporter-output>
          </reporter-output>
        </test-method> <!-- testcase2 -->
        <test-method is-config="true" signature="afterClass()[pri:0, instance:tests.CheckoutTest@63cd604c]" started-at="2025-10-02T07:51:17Z" name="afterClass" finished-at="2025-10-02T07:51:17Z" duration-ms="16" status="PASS">
          <reporter-output>
          </reporter-output>
        </test-method> <!-- afterClass -->
        <test-method is-config="true" signature="beforeClass(org.testng.ITestContext)[pri:0, instance:tests.CheckoutTest@63cd604c]" started-at="2025-10-02T07:51:17Z" name="beforeClass" finished-at="2025-10-02T07:51:18Z" duration-ms="1107" status="PASS">
          <params>
            <param index="0">
              <value>
                <![CDATA[org.testng.TestRunner@4c1b4e07]]>
              </value>
            </param>
          </params>
          <reporter-output>
          </reporter-output>
        </test-method> <!-- beforeClass -->
        <test-method signature="testcase2()[pri:0, instance:tests.CheckoutTest@63cd604c]" started-at="2025-10-02T07:51:18Z" name="testcase2" finished-at="2025-10-02T07:51:23Z" duration-ms="5163" status="PASS">
          <reporter-output>
          </reporter-output>
        </test-method> <!-- testcase2 -->
        <test-method is-config="true" signature="afterClass()[pri:0, instance:tests.CheckoutTest@63cd604c]" started-at="2025-10-02T07:51:23Z" name="afterClass" finished-at="2025-10-02T07:51:24Z" duration-ms="196" status="PASS">
          <reporter-output>
          </reporter-output>
        </test-method> <!-- afterClass -->
        <test-method is-config="true" signature="beforeClass(org.testng.ITestContext)[pri:0, instance:tests.CheckoutTest@63cd604c]" started-at="2025-10-02T07:51:24Z" name="beforeClass" finished-at="2025-10-02T07:51:25Z" duration-ms="1015" status="PASS">
          <params>
            <param index="0">
              <value>
                <![CDATA[org.testng.TestRunner@4c1b4e07]]>
              </value>
            </param>
          </params>
          <reporter-output>
          </reporter-output>
        </test-method> <!-- beforeClass -->
        <test-method signature="testcase3()[pri:0, instance:tests.CheckoutTest@63cd604c]" started-at="2025-10-02T07:51:25Z" name="testcase3" finished-at="2025-10-02T07:51:29Z" duration-ms="4579" status="PASS">
          <reporter-output>
          </reporter-output>
        </test-method> <!-- testcase3 -->
        <test-method is-config="true" signature="afterClass()[pri:0, instance:tests.CheckoutTest@63cd604c]" started-at="2025-10-02T07:51:29Z" name="afterClass" finished-at="2025-10-02T07:51:29Z" duration-ms="181" status="PASS">
          <reporter-output>
          </reporter-output>
        </test-method> <!-- afterClass -->
        <test-method is-config="true" signature="beforeClass(org.testng.ITestContext)[pri:0, instance:tests.CheckoutTest@63cd604c]" started-at="2025-10-02T07:51:29Z" name="beforeClass" finished-at="2025-10-02T07:51:30Z" duration-ms="1016" status="PASS">
          <params>
            <param index="0">
              <value>
                <![CDATA[org.testng.TestRunner@4c1b4e07]]>
              </value>
            </param>
          </params>
          <reporter-output>
          </reporter-output>
        </test-method> <!-- beforeClass -->
        <test-method signature="testcase4()[pri:0, instance:tests.CheckoutTest@63cd604c]" started-at="2025-10-02T07:51:30Z" name="testcase4" finished-at="2025-10-02T07:51:36Z" duration-ms="5346" status="PASS">
          <reporter-output>
          </reporter-output>
        </test-method> <!-- testcase4 -->
        <test-method is-config="true" signature="afterClass()[pri:0, instance:tests.CheckoutTest@63cd604c]" started-at="2025-10-02T07:51:36Z" name="afterClass" finished-at="2025-10-02T07:51:36Z" duration-ms="173" status="PASS">
          <reporter-output>
          </reporter-output>
        </test-method> <!-- afterClass -->
        <test-method is-config="true" signature="beforeClass(org.testng.ITestContext)[pri:0, instance:tests.CheckoutTest@63cd604c]" started-at="2025-10-02T07:51:36Z" name="beforeClass" finished-at="2025-10-02T07:51:37Z" duration-ms="1394" status="PASS">
          <params>
            <param index="0">
              <value>
                <![CDATA[org.testng.TestRunner@4c1b4e07]]>
              </value>
            </param>
          </params>
          <reporter-output>
          </reporter-output>
        </test-method> <!-- beforeClass -->
        <test-method signature="testcase5()[pri:0, instance:tests.CheckoutTest@63cd604c]" started-at="2025-10-02T07:51:37Z" name="testcase5" finished-at="2025-10-02T07:51:43Z" duration-ms="5421" status="SKIP">
          <exception class="java.lang.AssertionError">
            <message>
              <![CDATA[expected [58.29] but found [158.29]]]>
            </message>
            <full-stacktrace>
              <![CDATA[java.lang.AssertionError: expected [58.29] but found [158.29]
at org.testng.Assert.fail(Assert.java:96)
at org.testng.Assert.failNotEquals(Assert.java:776)
at org.testng.Assert.assertEqualsImpl(Assert.java:137)
at org.testng.Assert.assertEquals(Assert.java:118)
at org.testng.Assert.assertEquals(Assert.java:442)
at tests.CheckoutTest.testcase5(CheckoutTest.java:122)
at java.base/jdk.internal.reflect.DirectMethodHandleAccessor.invoke(DirectMethodHandleAccessor.java:103)
at java.base/java.lang.reflect.Method.invoke(Method.java:580)
at org.testng.internal.MethodInvocationHelper.invokeMethod(MethodInvocationHelper.java:124)
at org.testng.internal.Invoker.invokeMethod(Invoker.java:583)
at org.testng.internal.Invoker.invokeTestMethod(Invoker.java:719)
at org.testng.internal.Invoker.invokeTestMethods(Invoker.java:989)
at org.testng.internal.TestMethodWorker.invokeTestMethods(TestMethodWorker.java:125)
at org.testng.internal.TestMethodWorker.run(TestMethodWorker.java:109)
at org.testng.TestRunner.privateRun(TestRunner.java:648)
at org.testng.TestRunner.run(TestRunner.java:505)
at org.testng.SuiteRunner.runTest(SuiteRunner.java:455)
at org.testng.SuiteRunner.runSequentially(SuiteRunner.java:450)
at org.testng.SuiteRunner.privateRun(SuiteRunner.java:415)
at org.testng.SuiteRunner.run(SuiteRunner.java:364)
at org.testng.SuiteRunnerWorker.runSuite(SuiteRunnerWorker.java:52)
at org.testng.SuiteRunnerWorker.run(SuiteRunnerWorker.java:84)
at org.testng.TestNG.runSuitesSequentially(TestNG.java:1208)
at org.testng.TestNG.runSuitesLocally(TestNG.java:1137)
at org.testng.TestNG.runSuites(TestNG.java:1049)
at org.testng.TestNG.run(TestNG.java:1017)
at org.testng.remote.AbstractRemoteTestNG.run(AbstractRemoteTestNG.java:115)
at org.testng.remote.RemoteTestNG.initAndRun(RemoteTestNG.java:293)
at org.testng.remote.RemoteTestNG.main(RemoteTestNG.java:91)
]]>
            </full-stacktrace>
          </exception> <!-- java.lang.AssertionError -->
          <reporter-output>
          </reporter-output>
        </test-method> <!-- testcase5 -->
        <test-method is-config="true" signature="afterClass()[pri:0, instance:tests.CheckoutTest@63cd604c]" started-at="2025-10-02T07:51:43Z" name="afterClass" finished-at="2025-10-02T07:51:43Z" duration-ms="175" status="PASS">
          <reporter-output>
          </reporter-output>
        </test-method> <!-- afterClass -->
        <test-method is-config="true" signature="beforeClass(org.testng.ITestContext)[pri:0, instance:tests.CheckoutTest@63cd604c]" started-at="2025-10-02T07:51:43Z" name="beforeClass" finished-at="2025-10-02T07:51:44Z" duration-ms="960" status="PASS">
          <params>
            <param index="0">
              <value>
                <![CDATA[org.testng.TestRunner@4c1b4e07]]>
              </value>
            </param>
          </params>
          <reporter-output>
          </reporter-output>
        </test-method> <!-- beforeClass -->
        <test-method signature="testcase5()[pri:0, instance:tests.CheckoutTest@63cd604c]" started-at="2025-10-02T07:51:44Z" name="testcase5" finished-at="2025-10-02T07:51:49Z" duration-ms="5405" status="SKIP">
          <exception class="java.lang.AssertionError">
            <message>
              <![CDATA[expected [58.29] but found [158.29]]]>
            </message>
            <full-stacktrace>
              <![CDATA[java.lang.AssertionError: expected [58.29] but found [158.29]
at org.testng.Assert.fail(Assert.java:96)
at org.testng.Assert.failNotEquals(Assert.java:776)
at org.testng.Assert.assertEqualsImpl(Assert.java:137)
at org.testng.Assert.assertEquals(Assert.java:118)
at org.testng.Assert.assertEquals(Assert.java:442)
at tests.CheckoutTest.testcase5(CheckoutTest.java:122)
at java.base/jdk.internal.reflect.DirectMethodHandleAccessor.invoke(DirectMethodHandleAccessor.java:103)
at java.base/java.lang.reflect.Method.invoke(Method.java:580)
at org.testng.internal.MethodInvocationHelper.invokeMethod(MethodInvocationHelper.java:124)
at org.testng.internal.Invoker.invokeMethod(Invoker.java:583)
at org.testng.internal.Invoker.retryFailed(Invoker.java:839)
at org.testng.internal.Invoker.invokeTestMethods(Invoker.java:1010)
at org.testng.internal.TestMethodWorker.invokeTestMethods(TestMethodWorker.java:125)
at org.testng.internal.TestMethodWorker.run(TestMethodWorker.java:109)
at org.testng.TestRunner.privateRun(TestRunner.java:648)
at org.testng.TestRunner.run(TestRunner.java:505)
at org.testng.SuiteRunner.runTest(SuiteRunner.java:455)
at org.testng.SuiteRunner.runSequentially(SuiteRunner.java:450)
at org.testng.SuiteRunner.privateRun(SuiteRunner.java:415)
at org.testng.SuiteRunner.run(SuiteRunner.java:364)
at org.testng.SuiteRunnerWorker.runSuite(SuiteRunnerWorker.java:52)
at org.testng.SuiteRunnerWorker.run(SuiteRunnerWorker.java:84)
at org.testng.TestNG.runSuitesSequentially(TestNG.java:1208)
at org.testng.TestNG.runSuitesLocally(TestNG.java:1137)
at org.testng.TestNG.runSuites(TestNG.java:1049)
at org.testng.TestNG.run(TestNG.java:1017)
at org.testng.remote.AbstractRemoteTestNG.run(AbstractRemoteTestNG.java:115)
at org.testng.remote.RemoteTestNG.initAndRun(RemoteTestNG.java:293)
at org.testng.remote.RemoteTestNG.main(RemoteTestNG.java:91)
]]>
            </full-stacktrace>
          </exception> <!-- java.lang.AssertionError -->
          <reporter-output>
          </reporter-output>
        </test-method> <!-- testcase5 -->
        <test-method is-config="true" signature="afterClass()[pri:0, instance:tests.CheckoutTest@63cd604c]" started-at="2025-10-02T07:51:49Z" name="afterClass" finished-at="2025-10-02T07:51:49Z" duration-ms="254" status="PASS">
          <reporter-output>
          </reporter-output>
        </test-method> <!-- afterClass -->
        <test-method is-config="true" signature="beforeClass(org.testng.ITestContext)[pri:0, instance:tests.CheckoutTest@63cd604c]" started-at="2025-10-02T07:51:49Z" name="beforeClass" finished-at="2025-10-02T07:51:50Z" duration-ms="1019" status="PASS">
          <params>
            <param index="0">
              <value>
                <![CDATA[org.testng.TestRunner@4c1b4e07]]>
              </value>
            </param>
          </params>
          <reporter-output>
          </reporter-output>
        </test-method> <!-- beforeClass -->
        <test-method signature="testcase5()[pri:0, instance:tests.CheckoutTest@63cd604c]" started-at="2025-10-02T07:51:50Z" name="testcase5" finished-at="2025-10-02T07:51:56Z" duration-ms="5385" status="FAIL">
          <exception class="java.lang.AssertionError">
            <message>
              <![CDATA[expected [58.29] but found [158.29]]]>
            </message>
            <full-stacktrace>
              <![CDATA[java.lang.AssertionError: expected [58.29] but found [158.29]
at org.testng.Assert.fail(Assert.java:96)
at org.testng.Assert.failNotEquals(Assert.java:776)
at org.testng.Assert.assertEqualsImpl(Assert.java:137)
at org.testng.Assert.assertEquals(Assert.java:118)
at org.testng.Assert.assertEquals(Assert.java:442)
at tests.CheckoutTest.testcase5(CheckoutTest.java:122)
at java.base/jdk.internal.reflect.DirectMethodHandleAccessor.invoke(DirectMethodHandleAccessor.java:103)
at java.base/java.lang.reflect.Method.invoke(Method.java:580)
at org.testng.internal.MethodInvocationHelper.invokeMethod(MethodInvocationHelper.java:124)
at org.testng.internal.Invoker.invokeMethod(Invoker.java:583)
at org.testng.internal.Invoker.retryFailed(Invoker.java:839)
at org.testng.internal.Invoker.invokeTestMethods(Invoker.java:1010)
at org.testng.internal.TestMethodWorker.invokeTestMethods(TestMethodWorker.java:125)
at org.testng.internal.TestMethodWorker.run(TestMethodWorker.java:109)
at org.testng.TestRunner.privateRun(TestRunner.java:648)
at org.testng.TestRunner.run(TestRunner.java:505)
at org.testng.SuiteRunner.runTest(SuiteRunner.java:455)
at org.testng.SuiteRunner.runSequentially(SuiteRunner.java:450)
at org.testng.SuiteRunner.privateRun(SuiteRunner.java:415)
at org.testng.SuiteRunner.run(SuiteRunner.java:364)
at org.testng.SuiteRunnerWorker.runSuite(SuiteRunnerWorker.java:52)
at org.testng.SuiteRunnerWorker.run(SuiteRunnerWorker.java:84)
at org.testng.TestNG.runSuitesSequentially(TestNG.java:1208)
at org.testng.TestNG.runSuitesLocally(TestNG.java:1137)
at org.testng.TestNG.runSuites(TestNG.java:1049)
at org.testng.TestNG.run(TestNG.java:1017)
at org.testng.remote.AbstractRemoteTestNG.run(AbstractRemoteTestNG.java:115)
at org.testng.remote.RemoteTestNG.initAndRun(RemoteTestNG.java:293)
at org.testng.remote.RemoteTestNG.main(RemoteTestNG.java:91)
]]>
            </full-stacktrace>
          </exception> <!-- java.lang.AssertionError -->
          <reporter-output>
          </reporter-output>
        </test-method> <!-- testcase5 -->
        <test-method is-config="true" signature="afterClass()[pri:0, instance:tests.CheckoutTest@63cd604c]" started-at="2025-10-02T07:51:56Z" name="afterClass" finished-at="2025-10-02T07:51:56Z" duration-ms="192" status="PASS">
          <reporter-output>
          </reporter-output>
        </test-method> <!-- afterClass -->
      </class> <!-- tests.CheckoutTest -->
    </test> <!-- Test -->
  </suite> <!-- Suite -->
</testng-results>
